<?xml version="1.0" encoding="UTF-8"?>
<!-- Generated by org.testng.reporters.JUnitReportReporter -->
<testsuite hostname="DESKTOP-EVNKM3L" failures="0" tests="4" name="Testcripts.RegisterTest" time="30.470" errors="0" timestamp="2024-10-01T10:04:24 IST" skipped="0">
  <testcase classname="Testcripts.RegisterTest" name="registerWithoutFillingTest" time="6.660"/>
  <system-out/>
  <testcase classname="Testcripts.RegisterTest" name="rigisterTest" time="4.449"/>
  <system-out/>
  <testcase classname="Testcripts.RegisterTest" name="registerWithoutPrivacyCheckBoxTest" time="10.734"/>
  <system-out/>
  <testcase classname="Testcripts.RegisterTest" name="registerWithUsedEmailTest" time="8.627"/>
  <system-out/>
</testsuite> <!-- Testcripts.RegisterTest -->
