<?xml version="1.0" encoding="UTF-8"?>
<!-- Generated by org.testng.reporters.JUnitReportReporter -->
<testsuite hostname="DESKTOP-EVNKM3L" failures="0" tests="6" name="Testcripts.LoginTest" time="35.745" errors="0" timestamp="2024-10-01T10:04:24 IST" skipped="0">
  <testcase classname="Testcripts.LoginTest" name="loginWIthDataProviderTest" time="8.259"/>
  <system-out/>
  <testcase classname="Testcripts.LoginTest" name="loginWIthDataProviderTest" time="9.184"/>
  <system-out/>
  <testcase classname="Testcripts.LoginTest" name="loginWIthDataProviderTest" time="8.363"/>
  <system-out/>
  <testcase classname="Testcripts.LoginTest" name="loginWithoutCredentialsTest" time="3.894"/>
  <system-out/>
  <testcase classname="Testcripts.LoginTest" name="loginWithInvalidCredentialsTest" time="2.816"/>
  <system-out/>
  <testcase classname="Testcripts.LoginTest" name="loginWithValidCredentialsTest" time="3.229"/>
  <system-out/>
</testsuite> <!-- Testcripts.LoginTest -->
